[2023-07-05 07:05:49] Errore Twig: Eccezione: Unable to find template "utente.html.twig" (looked into: /Users/robertodimarco/PhpstormProjects/GestLex/app/Views, /Users/robertodimarco/PhpstormProjects/GestLex/app/Views/components, /Users/robertodimarco/PhpstormProjects/GestLex/app/Views/components/auth, /Users/robertodimarco/PhpstormProjects/GestLex/app/Views/error-pages, /Users/robertodimarco/PhpstormProjects/GestLex/app/Views/pages, /Users/robertodimarco/PhpstormProjects/GestLex/app/Views/pages/auth, /Users/robertodimarco/PhpstormProjects/GestLex/app/Views/pages/gruppi, /Users/robertodimarco/PhpstormProjects/GestLex/app/Views/pages/impostazioni, /Users/robertodimarco/PhpstormProjects/GestLex/app/Views/pages/install, /Users/robertodimarco/PhpstormProjects/GestLex/app/Views/pages/pratiche, /Users/robertodimarco/PhpstormProjects/GestLex/app/Views/pages/profile, /Users/robertodimarco/PhpstormProjects/GestLex/app/Views/pages/sottogruppi, /Users/robertodimarco/PhpstormProjects/GestLex/app/Views/pages/utenti, /Users/robertodimarco/PhpstormProjects/GestLex/app/Views/partials, /Users/robertodimarco/PhpstormProjects/GestLex/app/Views/templates).. File: /Users/robertodimarco/PhpstormProjects/GestLex/vendor/twig/twig/src/Loader/FilesystemLoader.php. Line: 227.
[2023-07-05 07:25:05] Eccezione: call_user_func_array(): Argument #1 ($callback) must be a valid callback, class App\Controllers\UserController does not have a method "assistitiView". File: /Users/robertodimarco/PhpstormProjects/GestLex/public/index.php. Line: 86.
[2023-07-05 07:25:06] Eccezione: call_user_func_array(): Argument #1 ($callback) must be a valid callback, class App\Controllers\UserController does not have a method "contropartiView". File: /Users/robertodimarco/PhpstormProjects/GestLex/public/index.php. Line: 86.
[2023-07-05 07:25:13] Eccezione: call_user_func_array(): Argument #1 ($callback) must be a valid callback, class App\Controllers\UserController does not have a method "assistitiView". File: /Users/robertodimarco/PhpstormProjects/GestLex/public/index.php. Line: 86.
[2023-07-05 07:25:14] Eccezione: call_user_func_array(): Argument #1 ($callback) must be a valid callback, class App\Controllers\UserController does not have a method "contropartiView". File: /Users/robertodimarco/PhpstormProjects/GestLex/public/index.php. Line: 86.
[2023-07-05 07:27:30] Eccezione: call_user_func_array(): Argument #1 ($callback) must be a valid callback, class App\Controllers\UserController does not have a method "contropartiView". File: /Users/robertodimarco/PhpstormProjects/GestLex/public/index.php. Line: 86.
[2023-07-05 15:13:03] Eccezione: Typed property App\Models\Utente::$id_utente must not be accessed before initialization. File: /Users/robertodimarco/PhpstormProjects/GestLex/app/Models/Utente.php. Line: 23.
[2023-07-05 15:13:59] Eccezione: Typed property App\Models\Utente::$id_utente must not be accessed before initialization. File: /Users/robertodimarco/PhpstormProjects/GestLex/app/Models/Utente.php. Line: 23.
[2023-07-05 15:14:22] Eccezione: Typed property App\Models\Utente::$id_utente must not be accessed before initialization. File: /Users/robertodimarco/PhpstormProjects/GestLex/app/Models/Utente.php. Line: 23.
[2023-07-05 15:14:54] Eccezione: Access to undeclared static property App\Models\Anagrafica::$db. File: /Users/robertodimarco/PhpstormProjects/GestLex/app/Models/Anagrafica.php. Line: 35.
[2023-07-05 15:15:45] Eccezione: Access to undeclared static property App\Models\Anagrafica::$db. File: /Users/robertodimarco/PhpstormProjects/GestLex/app/Models/Anagrafica.php. Line: 35.
[2023-07-05 15:18:05] Eccezione: Call to a member function setNome() on array. File: /Users/robertodimarco/PhpstormProjects/GestLex/app/Controllers/UserController.php. Line: 54.
[2023-07-05 15:19:46] Errore PDO: Eccezione: SQLSTATE[42S02]: Base table or view not found: 1146 Table 'test.anagrafiche' doesn't exist. File: /Users/robertodimarco/PhpstormProjects/GestLex/app/Libraries/Database.php. Line: 123.
[2023-07-05 15:20:36] Errore PDO: Eccezione: SQLSTATE[42S22]: Column not found: 1054 Unknown column 'id_anagrafica' in 'field list'. File: /Users/robertodimarco/PhpstormProjects/GestLex/app/Libraries/Database.php. Line: 123.
[2023-07-05 15:31:07] Eccezione: Cannot assign null to property App\Models\Utente::$ruolo of type string. File: /Users/robertodimarco/PhpstormProjects/GestLex/app/Models/Utente.php. Line: 17.
[2023-07-05 15:31:39] Eccezione: Cannot assign null to property App\Models\Anagrafica::$codice_fiscale of type string. File: /Users/robertodimarco/PhpstormProjects/GestLex/app/Models/Anagrafica.php. Line: 158.
[2023-07-05 15:35:16] Eccezione: Cannot assign null to property App\Models\Anagrafica::$codice_fiscale of type string. File: /Users/robertodimarco/PhpstormProjects/GestLex/app/Models/Anagrafica.php. Line: 159.
[2023-07-05 15:35:23] Eccezione: Cannot assign null to property App\Models\Anagrafica::$codice_fiscale of type string. File: /Users/robertodimarco/PhpstormProjects/GestLex/app/Models/Anagrafica.php. Line: 159.
[2023-07-05 15:36:26] Errore PDO: Eccezione: SQLSTATE[42S22]: Column not found: 1054 Unknown column 'ruolo' in 'field list'. File: /Users/robertodimarco/PhpstormProjects/GestLex/app/Libraries/Database.php. Line: 123.
[2023-07-05 15:38:09] Eccezione: Call to undefined method App\Models\Utente::setRuolo(). File: /Users/robertodimarco/PhpstormProjects/GestLex/app/Controllers/UserController.php. Line: 18.
[2023-07-05 15:38:53] Errore PDO: Eccezione: SQLSTATE[42S22]: Column not found: 1054 Unknown column 'ruolo' in 'field list'. File: /Users/robertodimarco/PhpstormProjects/GestLex/app/Libraries/Database.php. Line: 123.
[2023-07-05 15:50:19] Errore PDO: Eccezione: SQLSTATE[22001]: String data, right truncated: 1406 Data too long for column 'cap' at row 1. File: /Users/robertodimarco/PhpstormProjects/GestLex/app/Libraries/Database.php. Line: 123.
[2023-07-05 15:57:31] Errore Twig: Eccezione: Unknown "session" function.. File: /Users/robertodimarco/PhpstormProjects/GestLex/app/Views/partials/navigation.html.twig. Line: 325.
[2023-07-05 15:57:31] Errore Twig: Eccezione: Unknown "session" function.. File: /Users/robertodimarco/PhpstormProjects/GestLex/app/Views/partials/navigation.html.twig. Line: 325.
[2023-07-05 15:57:31] Errore Twig: Eccezione: Unknown "session" function.. File: /Users/robertodimarco/PhpstormProjects/GestLex/app/Views/partials/navigation.html.twig. Line: 325.
[2023-07-05 15:57:31] Errore Twig: Eccezione: Unknown "session" function.. File: /Users/robertodimarco/PhpstormProjects/GestLex/app/Views/partials/navigation.html.twig. Line: 325.
[2023-07-05 15:57:31] Errore Twig: Eccezione: Unknown "session" function.. File: /Users/robertodimarco/PhpstormProjects/GestLex/app/Views/partials/navigation.html.twig. Line: 325.
[2023-07-05 15:57:31] Errore Twig: Eccezione: Unknown "session" function.. File: /Users/robertodimarco/PhpstormProjects/GestLex/app/Views/partials/navigation.html.twig. Line: 325.
[2023-07-05 15:57:32] Errore Twig: Eccezione: Unknown "session" function.. File: /Users/robertodimarco/PhpstormProjects/GestLex/app/Views/partials/navigation.html.twig. Line: 325.
[2023-07-05 15:57:32] Errore Twig: Eccezione: Unknown "session" function.. File: /Users/robertodimarco/PhpstormProjects/GestLex/app/Views/partials/navigation.html.twig. Line: 325.
[2023-07-05 15:57:32] Errore Twig: Eccezione: Unknown "session" function.. File: /Users/robertodimarco/PhpstormProjects/GestLex/app/Views/partials/navigation.html.twig. Line: 325.
[2023-07-05 15:57:32] Errore Twig: Eccezione: Unknown "session" function.. File: /Users/robertodimarco/PhpstormProjects/GestLex/app/Views/partials/navigation.html.twig. Line: 325.
[2023-07-05 15:57:32] Errore Twig: Eccezione: Unknown "session" function.. File: /Users/robertodimarco/PhpstormProjects/GestLex/app/Views/partials/navigation.html.twig. Line: 325.
[2023-07-05 15:57:32] Errore Twig: Eccezione: Unknown "session" function.. File: /Users/robertodimarco/PhpstormProjects/GestLex/app/Views/partials/navigation.html.twig. Line: 325.
[2023-07-05 15:57:32] Errore Twig: Eccezione: Unknown "session" function.. File: /Users/robertodimarco/PhpstormProjects/GestLex/app/Views/partials/navigation.html.twig. Line: 325.
[2023-07-05 15:57:32] Errore Twig: Eccezione: Unknown "session" function.. File: /Users/robertodimarco/PhpstormProjects/GestLex/app/Views/partials/navigation.html.twig. Line: 325.
[2023-07-05 15:57:32] Errore Twig: Eccezione: Unknown "session" function.. File: /Users/robertodimarco/PhpstormProjects/GestLex/app/Views/partials/navigation.html.twig. Line: 325.
[2023-07-05 15:57:32] Errore Twig: Eccezione: Unknown "session" function.. File: /Users/robertodimarco/PhpstormProjects/GestLex/app/Views/partials/navigation.html.twig. Line: 325.
[2023-07-05 15:57:33] Errore Twig: Eccezione: Unknown "session" function.. File: /Users/robertodimarco/PhpstormProjects/GestLex/app/Views/partials/navigation.html.twig. Line: 325.
[2023-07-05 15:57:33] Errore Twig: Eccezione: Unknown "session" function.. File: /Users/robertodimarco/PhpstormProjects/GestLex/app/Views/partials/navigation.html.twig. Line: 325.
[2023-07-05 15:57:33] Errore Twig: Eccezione: Unknown "session" function.. File: /Users/robertodimarco/PhpstormProjects/GestLex/app/Views/partials/navigation.html.twig. Line: 325.
[2023-07-05 15:57:33] Errore Twig: Eccezione: Unknown "session" function.. File: /Users/robertodimarco/PhpstormProjects/GestLex/app/Views/partials/navigation.html.twig. Line: 325.
[2023-07-05 15:57:34] Errore Twig: Eccezione: Unknown "session" function.. File: /Users/robertodimarco/PhpstormProjects/GestLex/app/Views/partials/navigation.html.twig. Line: 325.
[2023-07-05 15:57:34] Errore Twig: Eccezione: Unknown "session" function.. File: /Users/robertodimarco/PhpstormProjects/GestLex/app/Views/partials/navigation.html.twig. Line: 325.
[2023-07-05 15:57:34] Errore Twig: Eccezione: Unknown "session" function.. File: /Users/robertodimarco/PhpstormProjects/GestLex/app/Views/partials/navigation.html.twig. Line: 325.
[2023-07-05 15:57:34] Errore Twig: Eccezione: Unknown "session" function.. File: /Users/robertodimarco/PhpstormProjects/GestLex/app/Views/partials/navigation.html.twig. Line: 325.
[2023-07-05 15:57:34] Errore Twig: Eccezione: Unknown "session" function.. File: /Users/robertodimarco/PhpstormProjects/GestLex/app/Views/partials/navigation.html.twig. Line: 325.
[2023-07-05 15:57:35] Errore Twig: Eccezione: Unknown "session" function.. File: /Users/robertodimarco/PhpstormProjects/GestLex/app/Views/partials/navigation.html.twig. Line: 325.
[2023-07-05 15:57:35] Errore Twig: Eccezione: Unknown "session" function.. File: /Users/robertodimarco/PhpstormProjects/GestLex/app/Views/partials/navigation.html.twig. Line: 325.
[2023-07-05 15:57:35] Errore Twig: Eccezione: Unknown "session" function.. File: /Users/robertodimarco/PhpstormProjects/GestLex/app/Views/partials/navigation.html.twig. Line: 325.
[2023-07-05 15:57:35] Errore Twig: Eccezione: Unknown "session" function.. File: /Users/robertodimarco/PhpstormProjects/GestLex/app/Views/partials/navigation.html.twig. Line: 325.
[2023-07-05 15:57:35] Errore Twig: Eccezione: Unknown "session" function.. File: /Users/robertodimarco/PhpstormProjects/GestLex/app/Views/partials/navigation.html.twig. Line: 325.
[2023-07-05 15:57:35] Errore Twig: Eccezione: Unknown "session" function.. File: /Users/robertodimarco/PhpstormProjects/GestLex/app/Views/partials/navigation.html.twig. Line: 325.
[2023-07-05 15:57:35] Errore Twig: Eccezione: Unknown "session" function.. File: /Users/robertodimarco/PhpstormProjects/GestLex/app/Views/partials/navigation.html.twig. Line: 325.
[2023-07-05 15:57:35] Errore Twig: Eccezione: Unknown "session" function.. File: /Users/robertodimarco/PhpstormProjects/GestLex/app/Views/partials/navigation.html.twig. Line: 325.
[2023-07-05 15:57:36] Errore Twig: Eccezione: Unknown "session" function.. File: /Users/robertodimarco/PhpstormProjects/GestLex/app/Views/partials/navigation.html.twig. Line: 325.
[2023-07-05 15:57:36] Errore Twig: Eccezione: Unknown "session" function.. File: /Users/robertodimarco/PhpstormProjects/GestLex/app/Views/partials/navigation.html.twig. Line: 325.
[2023-07-05 15:57:36] Errore Twig: Eccezione: Unknown "session" function.. File: /Users/robertodimarco/PhpstormProjects/GestLex/app/Views/partials/navigation.html.twig. Line: 325.
[2023-07-05 15:57:36] Errore Twig: Eccezione: Unknown "session" function.. File: /Users/robertodimarco/PhpstormProjects/GestLex/app/Views/partials/navigation.html.twig. Line: 325.
[2023-07-05 15:57:36] Errore Twig: Eccezione: Unknown "session" function.. File: /Users/robertodimarco/PhpstormProjects/GestLex/app/Views/partials/navigation.html.twig. Line: 325.
[2023-07-05 15:57:36] Errore Twig: Eccezione: Unknown "session" function.. File: /Users/robertodimarco/PhpstormProjects/GestLex/app/Views/partials/navigation.html.twig. Line: 325.
[2023-07-05 15:57:36] Errore Twig: Eccezione: Unknown "session" function.. File: /Users/robertodimarco/PhpstormProjects/GestLex/app/Views/partials/navigation.html.twig. Line: 325.
[2023-07-05 15:57:36] Errore Twig: Eccezione: Unknown "session" function.. File: /Users/robertodimarco/PhpstormProjects/GestLex/app/Views/partials/navigation.html.twig. Line: 325.
[2023-07-05 15:57:36] Errore Twig: Eccezione: Unknown "session" function.. File: /Users/robertodimarco/PhpstormProjects/GestLex/app/Views/partials/navigation.html.twig. Line: 325.
[2023-07-05 15:57:36] Errore Twig: Eccezione: Unknown "session" function.. File: /Users/robertodimarco/PhpstormProjects/GestLex/app/Views/partials/navigation.html.twig. Line: 325.
[2023-07-05 15:57:37] Errore Twig: Eccezione: Unknown "session" function.. File: /Users/robertodimarco/PhpstormProjects/GestLex/app/Views/partials/navigation.html.twig. Line: 325.
[2023-07-05 15:57:37] Errore Twig: Eccezione: Unknown "session" function.. File: /Users/robertodimarco/PhpstormProjects/GestLex/app/Views/partials/navigation.html.twig. Line: 325.
[2023-07-05 15:57:37] Errore Twig: Eccezione: Unknown "session" function.. File: /Users/robertodimarco/PhpstormProjects/GestLex/app/Views/partials/navigation.html.twig. Line: 325.
[2023-07-05 15:57:37] Errore Twig: Eccezione: Unknown "session" function.. File: /Users/robertodimarco/PhpstormProjects/GestLex/app/Views/partials/navigation.html.twig. Line: 325.
[2023-07-05 15:57:37] Errore Twig: Eccezione: Unknown "session" function.. File: /Users/robertodimarco/PhpstormProjects/GestLex/app/Views/partials/navigation.html.twig. Line: 325.
[2023-07-05 15:57:42] Errore Twig: Eccezione: Unknown "session" function.. File: /Users/robertodimarco/PhpstormProjects/GestLex/app/Views/partials/navigation.html.twig. Line: 325.
[2023-07-05 15:57:42] Errore Twig: Eccezione: Unknown "session" function.. File: /Users/robertodimarco/PhpstormProjects/GestLex/app/Views/partials/navigation.html.twig. Line: 325.
[2023-07-05 15:57:42] Errore Twig: Eccezione: Unknown "session" function.. File: /Users/robertodimarco/PhpstormProjects/GestLex/app/Views/partials/navigation.html.twig. Line: 325.
[2023-07-05 15:57:42] Errore Twig: Eccezione: Unknown "session" function.. File: /Users/robertodimarco/PhpstormProjects/GestLex/app/Views/partials/navigation.html.twig. Line: 325.
[2023-07-05 15:57:42] Errore Twig: Eccezione: Unknown "session" function.. File: /Users/robertodimarco/PhpstormProjects/GestLex/app/Views/partials/navigation.html.twig. Line: 325.
[2023-07-05 15:57:43] Errore Twig: Eccezione: Unknown "session" function.. File: /Users/robertodimarco/PhpstormProjects/GestLex/app/Views/partials/navigation.html.twig. Line: 325.
[2023-07-05 15:57:43] Errore Twig: Eccezione: Unknown "session" function.. File: /Users/robertodimarco/PhpstormProjects/GestLex/app/Views/partials/navigation.html.twig. Line: 325.
[2023-07-05 15:57:43] Errore Twig: Eccezione: Unknown "session" function.. File: /Users/robertodimarco/PhpstormProjects/GestLex/app/Views/partials/navigation.html.twig. Line: 325.
[2023-07-05 15:57:43] Errore Twig: Eccezione: Unknown "session" function.. File: /Users/robertodimarco/PhpstormProjects/GestLex/app/Views/partials/navigation.html.twig. Line: 325.
[2023-07-05 15:57:43] Errore Twig: Eccezione: Unknown "session" function.. File: /Users/robertodimarco/PhpstormProjects/GestLex/app/Views/partials/navigation.html.twig. Line: 325.
[2023-07-05 15:57:43] Errore Twig: Eccezione: Unknown "session" function.. File: /Users/robertodimarco/PhpstormProjects/GestLex/app/Views/partials/navigation.html.twig. Line: 325.
[2023-07-05 15:57:43] Errore Twig: Eccezione: Unknown "session" function.. File: /Users/robertodimarco/PhpstormProjects/GestLex/app/Views/partials/navigation.html.twig. Line: 325.
[2023-07-05 15:57:43] Errore Twig: Eccezione: Unknown "session" function.. File: /Users/robertodimarco/PhpstormProjects/GestLex/app/Views/partials/navigation.html.twig. Line: 325.
[2023-07-05 15:57:43] Errore Twig: Eccezione: Unknown "session" function.. File: /Users/robertodimarco/PhpstormProjects/GestLex/app/Views/partials/navigation.html.twig. Line: 325.
[2023-07-05 15:57:43] Errore Twig: Eccezione: Unknown "session" function.. File: /Users/robertodimarco/PhpstormProjects/GestLex/app/Views/partials/navigation.html.twig. Line: 325.
[2023-07-05 15:57:44] Errore Twig: Eccezione: Unknown "session" function.. File: /Users/robertodimarco/PhpstormProjects/GestLex/app/Views/partials/navigation.html.twig. Line: 325.
[2023-07-05 15:57:44] Errore Twig: Eccezione: Unknown "session" function.. File: /Users/robertodimarco/PhpstormProjects/GestLex/app/Views/partials/navigation.html.twig. Line: 325.
[2023-07-05 15:57:44] Errore Twig: Eccezione: Unknown "session" function.. File: /Users/robertodimarco/PhpstormProjects/GestLex/app/Views/partials/navigation.html.twig. Line: 325.
[2023-07-05 15:57:44] Errore Twig: Eccezione: Unknown "session" function.. File: /Users/robertodimarco/PhpstormProjects/GestLex/app/Views/partials/navigation.html.twig. Line: 325.
[2023-07-05 15:57:44] Errore Twig: Eccezione: Unknown "session" function.. File: /Users/robertodimarco/PhpstormProjects/GestLex/app/Views/partials/navigation.html.twig. Line: 325.
[2023-07-05 16:01:05] Eccezione: Typed property App\Models\Utente::$id_ruolo must not be accessed before initialization. File: /Users/robertodimarco/PhpstormProjects/GestLex/app/Models/Utente.php. Line: 39.
[2023-07-05 16:08:50] Errore Twig: Eccezione: Unexpected character "!".. File: /Users/robertodimarco/PhpstormProjects/GestLex/app/Views/pages/utenti/editUtente.html.twig. Line: 80.
[2023-07-05 16:46:08] Eccezione: Cannot use object of type stdClass as array. File: /Users/robertodimarco/PhpstormProjects/GestLex/app/Models/Pratica.php. Line: 195.
[2023-07-05 16:48:46] Errore Twig: Eccezione: Unknown "json" filter. Did you mean "json_encode"?. File: /Users/robertodimarco/PhpstormProjects/GestLex/app/Views/pages/pratiche/editPratica.html.twig. Line: 169.
[2023-07-05 16:49:16] Errore Twig: Eccezione: Unknown "json" filter. Did you mean "json_encode"?. File: /Users/robertodimarco/PhpstormProjects/GestLex/app/Views/pages/pratiche/editPratica.html.twig. Line: 169.
[2023-07-05 16:50:28] Errore Twig: Eccezione: Unexpected token "operator" of value ">".. File: /Users/robertodimarco/PhpstormProjects/GestLex/app/Views/pages/pratiche/editPratica.html.twig. Line: 169.
[2023-07-05 16:50:36] Errore Twig: Eccezione: Unexpected token "operator" of value ">".. File: /Users/robertodimarco/PhpstormProjects/GestLex/app/Views/pages/pratiche/editPratica.html.twig. Line: 169.
[2023-07-05 16:50:51] Errore Twig: Eccezione: Unexpected token "operator" of value ">".. File: /Users/robertodimarco/PhpstormProjects/GestLex/app/Views/pages/pratiche/editPratica.html.twig. Line: 169.
[2023-07-05 17:06:18] Errore Twig: Eccezione: Unexpected operator of value "=". Did you try to use "===" or "!==" for strict comparison? Use "is same as(value)" instead.. File: /Users/robertodimarco/PhpstormProjects/GestLex/app/Views/pages/pratiche/editPratica.html.twig. Line: 328.
[2023-07-05 17:14:37] Eccezione: Call to a member function getDataScadenza() on array. File: /Users/robertodimarco/PhpstormProjects/GestLex/app/Models/Pratica.php. Line: 180.
[2023-07-05 17:19:45] Errore PDO: Eccezione: SQLSTATE[22007]: Invalid datetime format: 1292 Incorrect date value: '15/12/0035' for column 'data' at row 1. File: /Users/robertodimarco/PhpstormProjects/GestLex/app/Libraries/Database.php. Line: 123.
[2023-07-05 17:20:05] Errore PDO: Eccezione: SQLSTATE[22007]: Invalid datetime format: 1292 Incorrect date value: '05/07/2023' for column 'data' at row 1. File: /Users/robertodimarco/PhpstormProjects/GestLex/app/Libraries/Database.php. Line: 123.
[2023-07-05 17:31:42] Eccezione: Call to a member function getDataUdienza() on array. File: /Users/robertodimarco/PhpstormProjects/GestLex/app/Models/Pratica.php. Line: 236.
